<?xml version="1.0" encoding="UTF-8"?>
<!-- Generated by org.testng.reporters.JUnitReportReporter -->
<testsuite hostname="DESKTOP-945OC9D" failures="0" tests="3" name="com.google.runner.GoogleRunner" time="70.157" errors="0" timestamp="2021-04-09T15:13:33 AWST" skipped="0">
  <testcase classname="com.google.runner.GoogleRunner" name="runScenario" time="29.951"/>
  <system-out/>
  <testcase classname="com.google.runner.GoogleRunner" name="runScenario" time="15.860"/>
  <system-out/>
  <testcase classname="com.google.runner.GoogleRunner" name="runScenario" time="24.346"/>
  <system-out/>
</testsuite> <!-- com.google.runner.GoogleRunner -->
